app/build/intermediates/manifest_merge_blame_file/debug/processDebugMainManifest/manifest-merger-blame-debug-report.txt
1<?xml version="1.0" encoding="utf-8"?>
2<manifest xmlns:android="http://schemas.android.com/apk/res/android"
3    package="com.example.ingsoftcalvoproy"
4    android:versionCode="1"
5    android:versionName="1.0" >
6
7    <uses-sdk
8        android:minSdkVersion="24"
9        android:targetSdkVersion="34" />
10
11    <!-- Permiso para consumir servicios web -->
12    <uses-permission android:name="android.permission.INTERNET" />
12-->src\main\AndroidManifest.xml:6:5-66
12-->src\main\AndroidManifest.xml:6:22-64
13    <uses-permission android:name="android.permission.POST_NOTIFICATIONS" />
13-->src\main\AndroidManifest.xml:8:5-77
13-->src\main\AndroidManifest.xml:8:22-74
14    <!-- Include required permissions for Google Maps API to run. -->
15    <uses-permission android:name="android.permission.ACCESS_NETWORK_STATE" />
15-->[com.google.android.gms:play-services-maps:18.1.0] AndroidManifest.xml:23:5-79
15-->[com.google.android.gms:play-services-maps:18.1.0] AndroidManifest.xml:23:22-76
16
17    <uses-feature
17-->[com.google.android.gms:play-services-maps:18.1.0] AndroidManifest.xml:26:5-28:35
18        android:glEsVersion="0x00020000"
18-->[com.google.android.gms:play-services-maps:18.1.0] AndroidManifest.xml:27:9-41
19        android:required="true" />
19-->[com.google.android.gms:play-services-maps:18.1.0] AndroidManifest.xml:28:9-32
20
21    <queries>
21-->[com.google.android.gms:play-services-maps:18.1.0] AndroidManifest.xml:30:5-34:15
22
23        <!-- Needs to be explicitly declared on Android R+ -->
24        <package android:name="com.google.android.apps.maps" />
24-->[com.google.android.gms:play-services-maps:18.1.0] AndroidManifest.xml:33:9-64
24-->[com.google.android.gms:play-services-maps:18.1.0] AndroidManifest.xml:33:18-61
25    </queries>
26
27    <permission
27-->[androidx.core:core:1.9.0] AndroidManifest.xml:22:5-24:47
28        android:name="com.example.ingsoftcalvoproy.DYNAMIC_RECEIVER_NOT_EXPORTED_PERMISSION"
28-->[androidx.core:core:1.9.0] AndroidManifest.xml:23:9-81
29        android:protectionLevel="signature" />
29-->[androidx.core:core:1.9.0] AndroidManifest.xml:24:9-44
30
31    <uses-permission android:name="com.example.ingsoftcalvoproy.DYNAMIC_RECEIVER_NOT_EXPORTED_PERMISSION" />
31-->[androidx.core:core:1.9.0] AndroidManifest.xml:26:5-97
31-->[androidx.core:core:1.9.0] AndroidManifest.xml:26:22-94
32
33    <application
33-->src\main\AndroidManifest.xml:10:5-78:19
34        android:allowBackup="true"
34-->src\main\AndroidManifest.xml:11:9-35
35        android:appComponentFactory="androidx.core.app.CoreComponentFactory"
35-->[androidx.core:core:1.9.0] AndroidManifest.xml:28:18-86
36        android:dataExtractionRules="@xml/data_extraction_rules"
36-->src\main\AndroidManifest.xml:12:9-65
37        android:debuggable="true"
38        android:extractNativeLibs="false"
39        android:fullBackupContent="@xml/backup_rules"
39-->src\main\AndroidManifest.xml:13:9-54
40        android:icon="@mipmap/ic_launcher"
40-->src\main\AndroidManifest.xml:14:9-43
41        android:label="@string/app_name"
41-->src\main\AndroidManifest.xml:15:9-41
42        android:roundIcon="@mipmap/ic_launcher_round"
42-->src\main\AndroidManifest.xml:16:9-54
43        android:supportsRtl="true"
43-->src\main\AndroidManifest.xml:17:9-35
44        android:testOnly="true"
45        android:theme="@style/AppTheme"
45-->src\main\AndroidManifest.xml:18:9-40
46        android:usesCleartextTraffic="true" > <!-- Permite HTTP si usas 10.0.2.2 -->
46-->src\main\AndroidManifest.xml:20:9-44
47
48
49        <!-- 🔹 Activity principal (Login) -->
50        <activity
50-->src\main\AndroidManifest.xml:23:9-28:20
51            android:name="com.example.ingsoftcalvoproy.activities.LoginActivity"
51-->src\main\AndroidManifest.xml:23:19-59
52            android:exported="true" >
52-->src\main\AndroidManifest.xml:23:60-83
53            <intent-filter>
53-->src\main\AndroidManifest.xml:24:13-27:29
54                <action android:name="android.intent.action.MAIN" />
54-->src\main\AndroidManifest.xml:25:17-68
54-->src\main\AndroidManifest.xml:25:25-66
55
56                <category android:name="android.intent.category.LAUNCHER" />
56-->src\main\AndroidManifest.xml:26:17-76
56-->src\main\AndroidManifest.xml:26:27-74
57            </intent-filter>
58        </activity>
59
60        <!-- 🔹 Registro -->
61        <activity android:name="com.example.ingsoftcalvoproy.activities.RegisterActivity" />
61-->src\main\AndroidManifest.xml:31:9-64
61-->src\main\AndroidManifest.xml:31:19-62
62
63        <!-- 🔹 Menús principales -->
64        <activity android:name="com.example.ingsoftcalvoproy.activities.HomeActivity" />
64-->src\main\AndroidManifest.xml:34:9-60
64-->src\main\AndroidManifest.xml:34:19-58
65        <activity android:name="com.example.ingsoftcalvoproy.activities.CourierHomeActivity" />
65-->src\main\AndroidManifest.xml:35:9-67
65-->src\main\AndroidManifest.xml:35:19-65
66
67        <!-- 🔹 Gestión de envíos -->
68        <activity android:name="com.example.ingsoftcalvoproy.activities.ShipmentListActivity" />
68-->src\main\AndroidManifest.xml:38:9-68
68-->src\main\AndroidManifest.xml:38:19-66
69        <activity android:name="com.example.ingsoftcalvoproy.activities.ShipmentFormActivity" />
69-->src\main\AndroidManifest.xml:39:9-68
69-->src\main\AndroidManifest.xml:39:19-66
70
71        <!-- 🔹 Gestión de recogidas -->
72        <activity android:name="com.example.ingsoftcalvoproy.activities.PickupsListActivity" />
72-->src\main\AndroidManifest.xml:42:9-67
72-->src\main\AndroidManifest.xml:42:19-65
73        <activity android:name="com.example.ingsoftcalvoproy.activities.PickupFormActivity" />
73-->src\main\AndroidManifest.xml:43:9-66
73-->src\main\AndroidManifest.xml:43:19-64
74        <activity android:name="com.example.ingsoftcalvoproy.activities.RequestPickupActivity" />
74-->src\main\AndroidManifest.xml:44:9-69
74-->src\main\AndroidManifest.xml:44:19-67
75
76        <!-- ✅ AÑADIDA -->
77        <!-- 🔹 Listas de personal -->
78        <activity android:name="com.example.ingsoftcalvoproy.activities.CollectorsListActivity" />
78-->src\main\AndroidManifest.xml:48:9-70
78-->src\main\AndroidManifest.xml:48:19-68
79        <activity android:name="com.example.ingsoftcalvoproy.activities.GuidesListActivity" />
79-->src\main\AndroidManifest.xml:49:9-66
79-->src\main\AndroidManifest.xml:49:19-64
80        <activity android:name="com.example.ingsoftcalvoproy.activities.TrucksListActivity" />
80-->src\main\AndroidManifest.xml:50:9-66
80-->src\main\AndroidManifest.xml:50:19-64
81        <activity android:name="com.example.ingsoftcalvoproy.activities.FuncionarioLogisticaActivity" />
81-->src\main\AndroidManifest.xml:51:9-76
81-->src\main\AndroidManifest.xml:51:19-74
82        <activity android:name="com.example.ingsoftcalvoproy.activities.BalancearCargasActivity" />
82-->src\main\AndroidManifest.xml:52:9-71
82-->src\main\AndroidManifest.xml:52:19-69
83        <!-- 🔹 Mostrar guías para monitoreo -->
84        <activity android:name="com.example.ingsoftcalvoproy.activities.MostrarGuiasActivity" />
84-->src\main\AndroidManifest.xml:54:9-68
84-->src\main\AndroidManifest.xml:54:19-66
85        <!-- 🔹 Nueva actividad: Conductor Rutas -->
86        <activity android:name="com.example.ingsoftcalvoproy.activities.ConductorRutasActivity" />
86-->src\main\AndroidManifest.xml:56:9-70
86-->src\main\AndroidManifest.xml:56:19-68
87
88        <!-- 🔹 Nueva actividad: Trabajador / Registro de Mercancía -->
89        <activity android:name="com.example.ingsoftcalvoproy.activities.RegisterMerchandiseActivity" />
89-->src\main\AndroidManifest.xml:59:9-75
89-->src\main\AndroidManifest.xml:59:19-73
90
91        <!-- 🔹 Nueva actividad: Asignador -->
92        <activity android:name="com.example.ingsoftcalvoproy.activities.AsignadorActivity" />
92-->src\main\AndroidManifest.xml:62:9-65
92-->src\main\AndroidManifest.xml:62:19-63
93        <activity android:name="com.example.ingsoftcalvoproy.activities.AssignPickupsActivity" />
93-->src\main\AndroidManifest.xml:63:9-69
93-->src\main\AndroidManifest.xml:63:19-67
94
95        <!-- 🔹 Nueva actividad: Recolector -->
96        <activity android:name="com.example.ingsoftcalvoproy.activities.RecolectorHomeActivity" />
96-->src\main\AndroidManifest.xml:66:9-70
96-->src\main\AndroidManifest.xml:66:19-68
97
98        <!-- 🔹 Nueva actividad: Usuarios con Envíos (WebView) -->
99        <activity android:name="com.example.ingsoftcalvoproy.activities.UsersShipmentsActivity" />
99-->src\main\AndroidManifest.xml:69:9-70
99-->src\main\AndroidManifest.xml:69:19-68
100
101        <!-- 🔹 Nueva actividad: Notificaciones -->
102        <activity android:name="com.example.ingsoftcalvoproy.activities.NotificationsActivity" />
102-->src\main\AndroidManifest.xml:72:9-69
102-->src\main\AndroidManifest.xml:72:19-67
103
104        <!-- 🔹 Otras pantallas -->
105        <activity android:name="com.example.ingsoftcalvoproy.activities.TrackingActivity" />
105-->src\main\AndroidManifest.xml:75:9-64
105-->src\main\AndroidManifest.xml:75:19-62
106        <activity android:name="com.example.ingsoftcalvoproy.activities.AnalyticsActivity" />
106-->src\main\AndroidManifest.xml:76:9-65
106-->src\main\AndroidManifest.xml:76:19-63
107        <activity android:name="com.example.ingsoftcalvoproy.activities.ProfileActivity" />
107-->src\main\AndroidManifest.xml:77:9-63
107-->src\main\AndroidManifest.xml:77:19-61
108        <!-- Needs to be explicitly declared on P+ -->
109        <uses-library
109-->[com.google.android.gms:play-services-maps:18.1.0] AndroidManifest.xml:39:9-41:40
110            android:name="org.apache.http.legacy"
110-->[com.google.android.gms:play-services-maps:18.1.0] AndroidManifest.xml:40:13-50
111            android:required="false" />
111-->[com.google.android.gms:play-services-maps:18.1.0] AndroidManifest.xml:41:13-37
112
113        <activity
113-->[com.google.android.gms:play-services-base:18.1.0] AndroidManifest.xml:20:9-22:45
114            android:name="com.google.android.gms.common.api.GoogleApiActivity"
114-->[com.google.android.gms:play-services-base:18.1.0] AndroidManifest.xml:20:19-85
115            android:exported="false"
115-->[com.google.android.gms:play-services-base:18.1.0] AndroidManifest.xml:22:19-43
116            android:theme="@android:style/Theme.Translucent.NoTitleBar" />
116-->[com.google.android.gms:play-services-base:18.1.0] AndroidManifest.xml:21:19-78
117
118        <meta-data
118-->[com.google.android.gms:play-services-basement:18.1.0] AndroidManifest.xml:21:9-23:69
119            android:name="com.google.android.gms.version"
119-->[com.google.android.gms:play-services-basement:18.1.0] AndroidManifest.xml:22:13-58
120            android:value="@integer/google_play_services_version" />
120-->[com.google.android.gms:play-services-basement:18.1.0] AndroidManifest.xml:23:13-66
121
122        <provider
122-->[androidx.emoji2:emoji2:1.2.0] AndroidManifest.xml:24:9-32:20
123            android:name="androidx.startup.InitializationProvider"
123-->[androidx.emoji2:emoji2:1.2.0] AndroidManifest.xml:25:13-67
124            android:authorities="com.example.ingsoftcalvoproy.androidx-startup"
124-->[androidx.emoji2:emoji2:1.2.0] AndroidManifest.xml:26:13-68
125            android:exported="false" >
125-->[androidx.emoji2:emoji2:1.2.0] AndroidManifest.xml:27:13-37
126            <meta-data
126-->[androidx.emoji2:emoji2:1.2.0] AndroidManifest.xml:29:13-31:52
127                android:name="androidx.emoji2.text.EmojiCompatInitializer"
127-->[androidx.emoji2:emoji2:1.2.0] AndroidManifest.xml:30:17-75
128                android:value="androidx.startup" />
128-->[androidx.emoji2:emoji2:1.2.0] AndroidManifest.xml:31:17-49
129            <meta-data
129-->[androidx.lifecycle:lifecycle-process:2.8.6] AndroidManifest.xml:29:13-31:52
130                android:name="androidx.lifecycle.ProcessLifecycleInitializer"
130-->[androidx.lifecycle:lifecycle-process:2.8.6] AndroidManifest.xml:30:17-78
131                android:value="androidx.startup" />
131-->[androidx.lifecycle:lifecycle-process:2.8.6] AndroidManifest.xml:31:17-49
132            <meta-data
132-->[androidx.profileinstaller:profileinstaller:1.3.1] AndroidManifest.xml:29:13-31:52
133                android:name="androidx.profileinstaller.ProfileInstallerInitializer"
133-->[androidx.profileinstaller:profileinstaller:1.3.1] AndroidManifest.xml:30:17-85
134                android:value="androidx.startup" />
134-->[androidx.profileinstaller:profileinstaller:1.3.1] AndroidManifest.xml:31:17-49
135        </provider>
136
137        <receiver
137-->[androidx.profileinstaller:profileinstaller:1.3.1] AndroidManifest.xml:34:9-52:20
138            android:name="androidx.profileinstaller.ProfileInstallReceiver"
138-->[androidx.profileinstaller:profileinstaller:1.3.1] AndroidManifest.xml:35:13-76
139            android:directBootAware="false"
139-->[androidx.profileinstaller:profileinstaller:1.3.1] AndroidManifest.xml:36:13-44
140            android:enabled="true"
140-->[androidx.profileinstaller:profileinstaller:1.3.1] AndroidManifest.xml:37:13-35
141            android:exported="true"
141-->[androidx.profileinstaller:profileinstaller:1.3.1] AndroidManifest.xml:38:13-36
142            android:permission="android.permission.DUMP" >
142-->[androidx.profileinstaller:profileinstaller:1.3.1] AndroidManifest.xml:39:13-57
143            <intent-filter>
143-->[androidx.profileinstaller:profileinstaller:1.3.1] AndroidManifest.xml:40:13-42:29
144                <action android:name="androidx.profileinstaller.action.INSTALL_PROFILE" />
144-->[androidx.profileinstaller:profileinstaller:1.3.1] AndroidManifest.xml:41:17-91
144-->[androidx.profileinstaller:profileinstaller:1.3.1] AndroidManifest.xml:41:25-88
145            </intent-filter>
146            <intent-filter>
146-->[androidx.profileinstaller:profileinstaller:1.3.1] AndroidManifest.xml:43:13-45:29
147                <action android:name="androidx.profileinstaller.action.SKIP_FILE" />
147-->[androidx.profileinstaller:profileinstaller:1.3.1] AndroidManifest.xml:44:17-85
147-->[androidx.profileinstaller:profileinstaller:1.3.1] AndroidManifest.xml:44:25-82
148            </intent-filter>
149            <intent-filter>
149-->[androidx.profileinstaller:profileinstaller:1.3.1] AndroidManifest.xml:46:13-48:29
150                <action android:name="androidx.profileinstaller.action.SAVE_PROFILE" />
150-->[androidx.profileinstaller:profileinstaller:1.3.1] AndroidManifest.xml:47:17-88
150-->[androidx.profileinstaller:profileinstaller:1.3.1] AndroidManifest.xml:47:25-85
151            </intent-filter>
152            <intent-filter>
152-->[androidx.profileinstaller:profileinstaller:1.3.1] AndroidManifest.xml:49:13-51:29
153                <action android:name="androidx.profileinstaller.action.BENCHMARK_OPERATION" />
153-->[androidx.profileinstaller:profileinstaller:1.3.1] AndroidManifest.xml:50:17-95
153-->[androidx.profileinstaller:profileinstaller:1.3.1] AndroidManifest.xml:50:25-92
154            </intent-filter>
155        </receiver>
156    </application>
157
158</manifest>